<?xml version="1.0" encoding="UTF-8"?>
<testng-results skipped="0" failed="0" ignored="0" total="1" passed="1">
  <reporter-output>
  </reporter-output>
  <suite name="Command line suite" duration-ms="52" started-at="2020-05-04T12:08:41Z" finished-at="2020-05-04T12:08:41Z">
    <groups>
    </groups>
    <test name="Command line test" duration-ms="52" started-at="2020-05-04T12:08:41Z" finished-at="2020-05-04T12:08:41Z">
      <class name="com.mahesh.NewTest">
        <test-method status="PASS" signature="f()[pri:0, instance:com.mahesh.NewTest@5ebec15]" name="f" duration-ms="9" started-at="2020-05-04T12:08:41Z" finished-at="2020-05-04T12:08:41Z">
          <reporter-output>
          </reporter-output>
        </test-method> <!-- f -->
      </class> <!-- com.mahesh.NewTest -->
    </test> <!-- Command line test -->
  </suite> <!-- Command line suite -->
</testng-results>
